2025-12-22 15:12:29,753 - INFO - ==================================================
2025-12-22 15:12:29,754 - INFO - BAT DAU RETRAIN MODEL
2025-12-22 15:12:29,754 - INFO - Thoi gian: 2025-12-22 15:12:29
2025-12-22 15:12:29,755 - INFO - ==================================================
2025-12-22 15:12:29,755 - INFO - Buoc 1: Export data tu database...
2025-12-22 15:12:31,434 - INFO - Export data done
2025-12-22 15:12:31,434 - INFO - Buoc 2: Tien xu ly du lieu...
2025-12-22 15:12:32,765 - INFO - Preprocess done
2025-12-22 15:12:32,766 - INFO - Buoc 3: Train model moi...
2025-12-22 15:12:35,767 - INFO - Train model done
2025-12-22 15:12:35,768 - INFO - ==================================================
2025-12-22 15:12:35,770 - INFO - RETRAIN HOAN TAT!
2025-12-22 15:12:35,771 - INFO - ==================================================
2025-12-22 15:12:35,773 - INFO - Luu y: Can restart Python API de load model moi
2025-12-22 15:20:23,438 - INFO - ==================================================
2025-12-22 15:20:23,438 - INFO - BAT DAU RETRAIN MODEL
2025-12-22 15:20:23,439 - INFO - Thoi gian: 2025-12-22 15:20:23
2025-12-22 15:20:23,439 - INFO - ==================================================
2025-12-22 15:20:23,439 - INFO - Buoc 1: Export data tu database...
2025-12-22 15:20:25,023 - INFO - Export data done
2025-12-22 15:20:25,024 - INFO - Buoc 2: Tien xu ly du lieu...
2025-12-22 15:20:26,075 - INFO - Preprocess done
2025-12-22 15:20:26,076 - INFO - Buoc 3: Train model moi...
2025-12-22 15:20:28,158 - INFO - Train model done
2025-12-22 15:20:28,158 - INFO - ==================================================
2025-12-22 15:20:28,159 - INFO - RETRAIN HOAN TAT!
2025-12-22 15:20:28,159 - INFO - ==================================================
2025-12-22 15:20:28,159 - INFO - Luu y: Can restart Python API de load model moi
2025-12-22 15:35:49,657 - INFO - ==================================================
2025-12-22 15:35:49,657 - INFO - BAT DAU RETRAIN MODEL
2025-12-22 15:35:49,657 - INFO - Thoi gian: 2025-12-22 15:35:49
2025-12-22 15:35:49,657 - INFO - ==================================================
2025-12-22 15:35:49,657 - INFO - Buoc 1: Export data tu database...
2025-12-22 15:35:51,179 - INFO - Export data done
2025-12-22 15:35:51,180 - INFO - Buoc 2: Tien xu ly du lieu...
2025-12-22 15:35:52,199 - INFO - Preprocess done
2025-12-22 15:35:52,210 - INFO - Da backup model cu: D:\HCMUTE_Nam4\TLCN\CodeSphere_ML\data/models/backups\recommendation_model_backup_20251222_153552.pkl
2025-12-22 15:35:52,211 - INFO - Buoc 3: Train model moi...
2025-12-22 15:35:54,703 - INFO - Train model done
2025-12-22 15:35:54,703 - INFO - ==================================================
2025-12-22 15:35:54,704 - INFO - RETRAIN HOAN TAT!
2025-12-22 15:35:54,704 - INFO - ==================================================
2025-12-22 15:35:54,704 - INFO - Luu y: Can restart Python API de load model moi
